<?xml version="1.0" encoding="UTF-8" ?>
<testsuite tests="2" failures="0" name="TestSuite" time="0.109" errors="0" skipped="0">
  <properties>
    <property name="jansi.mode" value="strip"/>
    <property name="java.runtime.name" value="OpenJDK Runtime Environment"/>
    <property name="java.vm.version" value="17.0.2+8"/>
    <property name="sun.boot.library.path" value="C:\Users\NIKHIL DHOTKAR\.p2\pool\plugins\org.eclipse.justj.openjdk.hotspot.jre.full.win32.x86_64_17.0.2.v20220201-1208\jre\bin"/>
    <property name="maven.multiModuleProjectDirectory" value="C:\AutomationTestEngineer\TDDWorkspace\SwiggyProject1"/>
    <property name="java.vm.vendor" value="Eclipse Adoptium"/>
    <property name="java.vendor.url" value="https://adoptium.net/"/>
    <property name="guice.disable.misplaced.annotation.check" value="true"/>
    <property name="path.separator" value=";"/>
    <property name="java.vm.name" value="OpenJDK 64-Bit Server VM"/>
    <property name="sun.os.patch.level" value=""/>
    <property name="user.script" value=""/>
    <property name="user.country" value="IN"/>
    <property name="sun.java.launcher" value="SUN_STANDARD"/>
    <property name="java.vm.specification.name" value="Java Virtual Machine Specification"/>
    <property name="user.dir" value="C:\AutomationTestEngineer\TDDWorkspace\SwiggyProject1"/>
    <property name="java.vm.compressedOopsMode" value="32-bit"/>
    <property name="java.runtime.version" value="17.0.2+8"/>
    <property name="os.arch" value="amd64"/>
    <property name="java.io.tmpdir" value="C:\Users\NIKHIL~1\AppData\Local\Temp\"/>
    <property name="line.separator" value="
"/>
    <property name="java.vm.specification.vendor" value="Oracle Corporation"/>
    <property name="user.variant" value=""/>
    <property name="os.name" value="Windows 11"/>
    <property name="classworlds.conf" value="C:\AutomationTestEngineer\TDDWorkspace\.metadata\.plugins\org.eclipse.m2e.launching\launches\m2conf11635277634324553537.tmp"/>
    <property name="sun.jnu.encoding" value="Cp1252"/>
    <property name="java.library.path" value="C:\Users\NIKHIL DHOTKAR\.p2\pool\plugins\org.eclipse.justj.openjdk.hotspot.jre.full.win32.x86_64_17.0.2.v20220201-1208\jre\bin;C:\windows\Sun\Java\bin;C:\windows\system32;C:\windows;C:/Users/NIKHIL DHOTKAR/.p2/pool/plugins/org.eclipse.justj.openjdk.hotspot.jre.full.win32.x86_64_17.0.2.v20220201-1208/jre/bin/server;C:/Users/NIKHIL DHOTKAR/.p2/pool/plugins/org.eclipse.justj.openjdk.hotspot.jre.full.win32.x86_64_17.0.2.v20220201-1208/jre/bin;C:\Program Files (x86)\Common Files\Oracle\Java\javapath;C:\windows\system32;C:\windows;C:\windows\System32\Wbem;C:\windows\System32\WindowsPowerShell\v1.0\;C:\windows\System32\OpenSSH\;C:\Program Files\Git\cmd;C:\Users\NIKHIL DHOTKAR\Downloads\jdk-18_windows-x64_bin.exe;C:\Users\NIKHIL DHOTKAR\Downloads\jdk-8u321-windows-x64 (1).exe;C:\Program Files\Java\jdk1.8.0_281\bin;C:\Users\NIKHIL DHOTKAR\Downloads\apache-maven-3.8.5-bin.zip\apache-maven-3.8.5\bin;C:\Program Files\apache-maven-3.8.5\bin;C:\Program Files\Java\jdk1.8.0_281\bin;C:\Users\NIKHIL DHOTKAR\Downloads\jdk-8u321-windows-x64 (1).exe;C:\Users\NIKHIL DHOTKAR\Downloads\apache-maven-3.8.5-bin.zip\apache-maven-3.8.5\bin;C:\Users\NIKHIL DHOTKAR\Downloads\apache-maven-3.8.5-bin.zip\apache-maven-3.8.5\bin;C:\Program Files\apache-maven-3.8.5;C:\Users\NIKHIL DHOTKAR\Downloads\apache-maven-3.8.6-bin (1)\apache-maven-3.8.6\bin;C:\Users\NIKHIL DHOTKAR\Downloads\apache-maven-3.8.5-bin.zip\apache-maven-3.8.5\bin;C:\Program Files\nodejs\;C:\Users\NIKHIL DHOTKAR\Downloads\apache-maven-3.8.5-bin.zip\apache-maven-3.8.5\bin;%ANDROID_HOME%\platform-tools;C:\Users\NIKHIL DHOTKAR\AppData\Local\Android\Sdk\platform-tools;C:\Program Files\MySQL\MySQL Shell 8.0\bin\;C:\Users\NIKHIL DHOTKAR\AppData\Local\Microsoft\WindowsApps;C:\ProgramData\NIKHIL DHOTKAR\GitHubDesktop\bin;C:\Users\NIKHIL DHOTKAR\AppData\Local\GitHubDesktop\bin;C:\Users\NIKHIL DHOTKAR\AppData\Roaming\npm;C:\Users\NIKHIL DHOTKAR\OneDrive\Desktop;;."/>
    <property name="jdk.debug" value="release"/>
    <property name="java.class.version" value="61.0"/>
    <property name="java.specification.name" value="Java Platform API Specification"/>
    <property name="sun.management.compiler" value="HotSpot 64-Bit Tiered Compilers"/>
    <property name="os.version" value="10.0"/>
    <property name="user.home" value="C:\Users\NIKHIL DHOTKAR"/>
    <property name="user.timezone" value="Asia/Calcutta"/>
    <property name="file.encoding" value="Cp1252"/>
    <property name="java.specification.version" value="17"/>
    <property name="user.name" value="NIKHIL DHOTKAR"/>
    <property name="java.class.path" value="C:\Users\NIKHIL DHOTKAR\.p2\pool\plugins\org.eclipse.m2e.maven.runtime_1.18.3.20220227-1319\jars\plexus-classworlds-2.6.0.jar"/>
    <property name="java.vm.specification.version" value="17"/>
    <property name="sun.arch.data.model" value="64"/>
    <property name="sun.java.command" value="org.codehaus.plexus.classworlds.launcher.Launcher -B package"/>
    <property name="java.home" value="C:\Users\NIKHIL DHOTKAR\.p2\pool\plugins\org.eclipse.justj.openjdk.hotspot.jre.full.win32.x86_64_17.0.2.v20220201-1208\jre"/>
    <property name="user.language" value="en"/>
    <property name="java.specification.vendor" value="Oracle Corporation"/>
    <property name="java.vm.info" value="mixed mode"/>
    <property name="java.version" value="17.0.2"/>
    <property name="native.encoding" value="Cp1252"/>
    <property name="java.vendor" value="Eclipse Adoptium"/>
    <property name="maven.home" value="C:\AutomationTestEngineer\TDDWorkspace\SwiggyProject1\EMBEDDED"/>
    <property name="file.separator" value="\"/>
    <property name="java.version.date" value="2022-01-18"/>
    <property name="java.vendor.url.bug" value="https://github.com/adoptium/adoptium-support/issues"/>
    <property name="sun.io.unicode.encoding" value="UnicodeLittle"/>
    <property name="sun.cpu.endian" value="little"/>
    <property name="java.vendor.version" value="Temurin-17.0.2+8"/>
    <property name="sun.cpu.isalist" value="amd64"/>
  </properties>
  <testcase classname="com.swiggy.testscripts.TestRunner" name="runScenario" time="0.096"/>
  <testcase classname="com.swiggy.testscripts.TestRunner" name="runScenario" time="0.013"/>
</testsuite>