<?xml version="1.0" encoding="UTF-8"?>
<!-- Generated by org.testng.reporters.JUnitReportReporter -->
<testsuite hostname="LAPTOP-MM5BQ5MN" failures="0" tests="2" name="com.swiggy.testscripts.TestRunner" time="0.103" errors="0" timestamp="2022-10-01T12:11:49 IST" skipped="0">
  <testcase classname="com.swiggy.testscripts.TestRunner" name="runScenario" time="0.091"/>
  <system-out/>
  <testcase classname="com.swiggy.testscripts.TestRunner" name="runScenario" time="0.012"/>
  <system-out/>
</testsuite> <!-- com.swiggy.testscripts.TestRunner -->
